<?xml version="1.0" encoding="UTF-8"?>
<testng-results skipped="0" failed="0" ignored="0" total="1" passed="1">
  <reporter-output>
  </reporter-output>
  <suite name="Default suite" duration-ms="25" started-at="2020-06-06T03:48:38Z" finished-at="2020-06-06T03:48:38Z">
    <groups>
    </groups>
    <test name="Default test" duration-ms="25" started-at="2020-06-06T03:48:38Z" finished-at="2020-06-06T03:48:38Z">
      <class name="mosud.databse.datavalidation.script.DataValidation">
        <test-method status="PASS" signature="executingDataValidation()[pri:0, instance:mosud.databse.datavalidation.script.DataValidation@9629756]" name="executingDataValidation" duration-ms="9" started-at="2020-06-06T03:48:38Z" finished-at="2020-06-06T03:48:38Z">
          <reporter-output>
          </reporter-output>
        </test-method> <!-- executingDataValidation -->
      </class> <!-- mosud.databse.datavalidation.script.DataValidation -->
    </test> <!-- Default test -->
  </suite> <!-- Default suite -->
</testng-results>
